<?xml version="1.0" encoding="UTF-8"?>
<!-- Generated by org.testng.reporters.JUnitReportReporter -->
<testsuite hostname="HP" name="BatDemo" tests="1" failures="0" timestamp="13 Oct 2019 12:45:45 GMT" time="0.361" errors="0">
  <testcase name="main" time="0.361" classname="BatDemo"/>
</testsuite> <!-- BatDemo -->
