<?xml version="1.0" encoding="UTF-8"?>
<!-- Generated by org.testng.reporters.JUnitReportReporter -->
<testsuite hostname="HP" name="BatDemo" tests="1" failures="0" timestamp="9 Mar 2020 16:14:25 GMT" time="0.301" errors="0">
  <testcase name="main1" time="0.301" classname="BatDemo"/>
</testsuite> <!-- BatDemo -->
